[debug] [2017-10-29T23:26:16.648Z] ----------------------------------------------------------------------
[debug] [2017-10-29T23:26:16.650Z] Command:       /usr/local/bin/node /usr/local/bin/firebase serve --only functions
[debug] [2017-10-29T23:26:16.651Z] CLI Version:   3.13.1
[debug] [2017-10-29T23:26:16.651Z] Platform:      darwin
[debug] [2017-10-29T23:26:16.651Z] Node Version:  v6.9.4
[debug] [2017-10-29T23:26:16.651Z] Time:          Sun Oct 29 2017 19:26:16 GMT-0400 (EDT)
[debug] [2017-10-29T23:26:16.651Z] ----------------------------------------------------------------------
[debug] 
[debug] [2017-10-29T23:26:16.662Z] > command requires scopes: ["email","openid","https://www.googleapis.com/auth/cloudplatformprojects.readonly","https://www.googleapis.com/auth/firebase","https://www.googleapis.com/auth/cloud-platform"]
[debug] [2017-10-29T23:26:16.662Z] > authorizing via signed-in user
[debug] [2017-10-29T23:26:16.664Z] >>> HTTP REQUEST GET https://admin.firebase.com/v1/projects/swamphacks-applicants  
 Sun Oct 29 2017 19:26:16 GMT-0400 (EDT)
[debug] [2017-10-29T23:26:17.158Z] <<< HTTP RESPONSE 200
[debug] [2017-10-29T23:26:17.160Z] >>> HTTP REQUEST GET https://admin.firebase.com/v1/database/swamphacks-applicants/tokens  
 Sun Oct 29 2017 19:26:17 GMT-0400 (EDT)
[debug] [2017-10-29T23:26:17.493Z] <<< HTTP RESPONSE 200
[info] 
[info] === Serving from '/Users/pablogarces/Desktop/2018-Swamphacks'...
[info] 
[debug] [2017-10-29T23:26:17.782Z] Error: EACCES: permission denied, mkdir '/usr/local/lib/node_modules/firebase-tools/node_modules/@google-cloud/functions-emulator/logs'
    at Error (native)
    at Object.fs.mkdirSync (fs.js:922:18)
    at Object.assertLogsPath (/usr/local/lib/node_modules/firebase-tools/node_modules/@google-cloud/functions-emulator/src/emulator/logs.js:65:10)
    at new Controller (/usr/local/lib/node_modules/firebase-tools/node_modules/@google-cloud/functions-emulator/src/cli/controller.js:85:32)
    at FunctionsEmulator.start (/usr/local/lib/node_modules/firebase-tools/lib/functionsEmulator.js:111:21)
    at Object.start (/usr/local/lib/node_modules/firebase-tools/lib/serve/functions.js:9:29)
    at /usr/local/lib/node_modules/firebase-tools/lib/serve/index.js:16:19
    at arrayMap (/usr/local/lib/node_modules/firebase-tools/node_modules/lodash/lodash.js:660:23)
    at Function.map (/usr/local/lib/node_modules/firebase-tools/node_modules/lodash/lodash.js:9571:14)
    at _serve (/usr/local/lib/node_modules/firebase-tools/lib/serve/index.js:14:21)
[error] 
[error] Error: An unexpected error has occurred.
